<?xml version="1.0" encoding="UTF-8"?>
<!-- Generated by org.testng.reporters.JUnitReportReporter -->
<testsuite hostname="RockPC" failures="0" tests="1" name="com.actiTime.parallelExecution.Demo" time="0.012" errors="0" timestamp="04 Jun 2018 10:50:15 GMT" skipped="0">
  <testcase classname="com.actiTime.parallelExecution.Demo" name="test" time="0.012"/>
</testsuite> <!-- com.actiTime.parallelExecution.Demo -->
