<?xml version="1.0" encoding="UTF-8"?>
<!-- Generated by org.testng.reporters.JUnitReportReporter -->
<testsuite hostname="RockPC" failures="0" tests="2" name="com.AcitTime.test.VersionTest" time="14.559" errors="0" timestamp="28 Jul 2018 18:17:53 GMT" skipped="0">
  <testcase classname="com.AcitTime.test.VersionTest" name="testVersion" time="7.210"/>
  <testcase classname="com.AcitTime.test.VersionTest" name="testVersion" time="7.349"/>
</testsuite> <!-- com.AcitTime.test.VersionTest -->
