<?xml version="1.0" encoding="UTF-8"?>
<!-- Generated by org.testng.reporters.JUnitReportReporter -->
<testsuite hostname="RockPC" failures="0" tests="2" name="com.AcitTime.test.ValidLoginLogoutTest" time="21.569" errors="0" timestamp="28 Jul 2018 18:17:53 GMT" skipped="0">
  <testcase classname="com.AcitTime.test.ValidLoginLogoutTest" name="testValidLogin" time="11.480"/>
  <testcase classname="com.AcitTime.test.ValidLoginLogoutTest" name="testValidLogin" time="10.089"/>
</testsuite> <!-- com.AcitTime.test.ValidLoginLogoutTest -->
