<?xml version="1.0" encoding="UTF-8"?>
<!-- Generated by org.testng.reporters.JUnitReportReporter -->
<testsuite hostname="RockPC" failures="0" tests="2" name="com.AcitTime.test.ValidLoginLogout" time="29.964" errors="0" timestamp="05 Jul 2018 12:50:42 GMT" skipped="0">
  <testcase classname="com.AcitTime.test.ValidLoginLogout" name="testValidLogin" time="12.951"/>
  <testcase classname="com.AcitTime.test.ValidLoginLogout" name="testValidLogin" time="17.013"/>
</testsuite> <!-- com.AcitTime.test.ValidLoginLogout -->
