<?xml version="1.0" encoding="UTF-8"?>
<!-- Generated by org.testng.reporters.JUnitReportReporter -->
<testsuite hostname="RockPC" failures="0" tests="2" name="com.AcitTime.test.InvalideLoginTest" time="18.255" errors="0" timestamp="28 Jul 2018 18:17:53 GMT" skipped="0">
  <testcase classname="com.AcitTime.test.InvalideLoginTest" name="testInvalidLogin" time="8.463"/>
  <testcase classname="com.AcitTime.test.InvalideLoginTest" name="testInvalidLogin" time="9.792"/>
</testsuite> <!-- com.AcitTime.test.InvalideLoginTest -->
